<?xml version="1.0" encoding="UTF-8"?>
<!-- Generated by org.testng.reporters.JUnitReportReporter -->
<testsuite hostname="PRINHYLTPDL0676" failures="0" tests="6" name="com.examples.Sample3" time="0.031" errors="0" timestamp="09 Aug 2019 09:07:50 GMT" skipped="0">
  <testcase classname="com.examples.Sample3" name="login" time="0.016"/>
  <testcase classname="com.examples.Sample3" name="compose" time="0.015"/>
  <testcase classname="com.examples.Sample3" name="sentitems" time="0.000"/>
  <testcase classname="com.examples.Sample3" name="test5" time="0.000"/>
  <testcase classname="com.examples.Sample3" name="test4" time="0.000"/>
  <testcase classname="com.examples.Sample3" name="test6" time="0.000"/>
</testsuite> <!-- com.examples.Sample3 -->
