<?xml version="1.0" encoding="UTF-8"?>
<!-- Generated by org.testng.reporters.JUnitReportReporter -->
<testsuite hostname="PRINHYLTPDL0676" failures="0" tests="2" name="com.listenersExamples.TestListeners" time="0.013" errors="0" timestamp="13 Aug 2019 05:06:38 GMT" skipped="1">
  <testcase classname="com.listenersExamples.TestListeners" name="test2" time="0.013"/>
  <testcase classname="com.listenersExamples.TestListeners" name="test1">
    <skipped/>
  </testcase> <!-- test1 -->
</testsuite> <!-- com.listenersExamples.TestListeners -->
