<?xml version="1.0" encoding="UTF-8"?>
<!-- Generated by org.testng.reporters.JUnitReportReporter -->
<testsuite hostname="PRINHYLTPDL0676" failures="0" tests="7" name="com.examples.LinkeDin" time="45.941" errors="0" timestamp="26 Aug 2019 11:02:36 GMT" skipped="0">
  <testcase classname="com.examples.LinkeDin" name="HomePage" time="5.386"/>
  <testcase classname="com.examples.LinkeDin" name="MyNetwork" time="5.190"/>
  <testcase classname="com.examples.LinkeDin" name="Jobs" time="13.684"/>
  <testcase classname="com.examples.LinkeDin" name="Messages" time="5.285"/>
  <testcase classname="com.examples.LinkeDin" name="search" time="5.942"/>
  <testcase classname="com.examples.LinkeDin" name="Notifications" time="5.191"/>
  <testcase classname="com.examples.LinkeDin" name="TitleContainer" time="5.263"/>
</testsuite> <!-- com.examples.LinkeDin -->
