<?xml version="1.0" encoding="UTF-8"?>
<!-- Generated by org.testng.reporters.JUnitReportReporter -->
<testsuite hostname="PRINHYLTPDL0676" failures="0" tests="1" name="com.examples.LinksPrint2" time="41.124" errors="0" timestamp="29 Aug 2019 06:49:21 GMT" skipped="0">
  <testcase classname="com.examples.LinksPrint2" name="test2" time="41.124"/>
</testsuite> <!-- com.examples.LinksPrint2 -->
