<?xml version="1.0" encoding="UTF-8"?>
<!-- Generated by org.testng.reporters.JUnitReportReporter -->
<testsuite hostname="PRINHYLTPDL0676" failures="0" tests="1" name="com.examples.MultiSelectDropdown2" time="13.632" errors="0" timestamp="26 Aug 2019 10:17:15 GMT" skipped="0">
  <testcase classname="com.examples.MultiSelectDropdown2" name="testApp" time="13.632"/>
</testsuite> <!-- com.examples.MultiSelectDropdown2 -->
