<?xml version="1.0" encoding="UTF-8"?>
<!-- Generated by org.testng.reporters.JUnitReportReporter -->
<testsuite hostname="PRINHYLTPDL0676" failures="0" tests="4" name="com.examples.Sample4" time="0.016" errors="0" timestamp="08 Aug 2019 07:03:14 GMT" skipped="1">
  <testcase classname="com.examples.Sample4" name="compose" time="0.012"/>
  <testcase classname="com.examples.Sample4" name="sentitems" time="0.002"/>
  <testcase classname="com.examples.Sample4" name="logout" time="0.002"/>
  <testcase classname="com.examples.Sample4" name="login">
    <skipped/>
  </testcase> <!-- login -->
</testsuite> <!-- com.examples.Sample4 -->
