<?xml version="1.0" encoding="UTF-8"?>
<!-- Generated by org.testng.reporters.JUnitReportReporter -->
<testsuite hostname="PRINHYLTPDL0676" failures="0" tests="2" name="com.examples.Group" time="0.014" errors="0" timestamp="09 Aug 2019 10:20:10 GMT" skipped="0">
  <testcase classname="com.examples.Group" name="compose" time="0.012"/>
  <testcase classname="com.examples.Group" name="login" time="0.002"/>
</testsuite> <!-- com.examples.Group -->
