<?xml version="1.0" encoding="UTF-8"?>
<!-- Generated by org.testng.reporters.JUnitReportReporter -->
<testsuite hostname="PRINHYLTPDL0676" failures="0" tests="2" name="com.examples.LinksPrint" time="50.608" errors="0" timestamp="29 Aug 2019 05:25:47 GMT" skipped="0">
  <testcase classname="com.examples.LinksPrint" name="print" time="31.402"/>
  <testcase classname="com.examples.LinksPrint" name="test2" time="19.206"/>
</testsuite> <!-- com.examples.LinksPrint -->
