<?xml version="1.0" encoding="UTF-8"?>
<!-- Generated by org.testng.reporters.JUnitReportReporter -->
<testsuite hostname="PRINHYLTPDL0676" failures="0" tests="6" name="com.examples.Sample1" time="0.025" errors="0" timestamp="08 Aug 2019 06:48:46 GMT" skipped="0">
  <testcase classname="com.examples.Sample1" name="test5" time="0.003"/>
  <testcase classname="com.examples.Sample1" name="test2" time="0.004"/>
  <testcase classname="com.examples.Sample1" name="test3" time="0.003"/>
  <testcase classname="com.examples.Sample1" name="test1" time="0.009"/>
  <testcase classname="com.examples.Sample1" name="test4" time="0.004"/>
  <testcase classname="com.examples.Sample1" name="test6" time="0.002"/>
</testsuite> <!-- com.examples.Sample1 -->
