<?xml version="1.0" encoding="UTF-8"?>
<!-- Generated by org.testng.reporters.JUnitReportReporter -->
<testsuite hostname="PRINHYLTPDL0676" failures="0" tests="5" name="com.examples.Test1" time="0.044" errors="0" timestamp="08 Aug 2019 06:09:21 GMT" skipped="0">
  <testcase classname="com.examples.Test1" name="testSetup4" time="0.012"/>
  <testcase classname="com.examples.Test1" name="testSetup2" time="0.012"/>
  <testcase classname="com.examples.Test1" name="testSetup5" time="0.004"/>
  <testcase classname="com.examples.Test1" name="testSetup1" time="0.012"/>
  <testcase classname="com.examples.Test1" name="testSetup3" time="0.004"/>
</testsuite> <!-- com.examples.Test1 -->
