<?xml version="1.0" encoding="UTF-8"?>
<!-- Generated by org.testng.reporters.JUnitReportReporter -->
<testsuite hostname="PRINHYLTPDL0676" failures="0" tests="2" name="com.parameters.TestParameters" time="0.012" errors="0" timestamp="12 Aug 2019 15:51:14 GMT" skipped="1">
  <testcase classname="com.parameters.TestParameters" name="test2" time="0.012"/>
  <testcase classname="com.parameters.TestParameters" name="test1">
    <skipped/>
  </testcase> <!-- test1 -->
</testsuite> <!-- com.parameters.TestParameters -->
