<?xml version="1.0" encoding="UTF-8"?>
<!-- Generated by org.testng.reporters.JUnitReportReporter -->
<testsuite hostname="PRINHYLTPDL0676" failures="0" tests="1" name="com.examples.Amazon2" time="11.053" errors="0" timestamp="20 Aug 2019 12:38:46 GMT" skipped="0">
  <testcase classname="com.examples.Amazon2" name="searchingProduct" time="11.053"/>
</testsuite> <!-- com.examples.Amazon2 -->
