<?xml version="1.0" encoding="UTF-8"?>
<!-- Generated by org.testng.reporters.JUnitReportReporter -->
<testsuite hostname="PRINHYLTPDL0676" failures="0" tests="3" name="com.examples.Ding2" time="16.089" errors="0" timestamp="20 Aug 2019 07:23:11 GMT" skipped="0">
  <testcase classname="com.examples.Ding2" name="test2" time="0.220"/>
  <testcase classname="com.examples.Ding2" name="test3" time="5.348"/>
  <testcase classname="com.examples.Ding2" name="test1" time="10.521"/>
</testsuite> <!-- com.examples.Ding2 -->
