<?xml version="1.0" encoding="UTF-8"?>
<!-- Generated by org.testng.reporters.JUnitReportReporter -->
<testsuite hostname="PRINHYLTPDL0676" failures="0" tests="13" name="com.examples.JavaClass" time="0.045" errors="0" timestamp="12 Aug 2019 15:24:32 GMT" skipped="0">
  <testcase classname="com.examples.JavaClass" name="createuser" time="0.004"/>
  <testcase classname="com.examples.JavaClass" name="createuser" time="0.000"/>
  <testcase classname="com.examples.JavaClass" name="logout" time="0.000"/>
  <testcase classname="com.examples.JavaClass" name="createuser" time="0.000"/>
  <testcase classname="com.examples.JavaClass" name="createuser" time="0.004"/>
  <testcase classname="com.examples.JavaClass" name="createuser" time="0.004"/>
  <testcase classname="com.examples.JavaClass" name="setup" time="0.013"/>
  <testcase classname="com.examples.JavaClass" name="createuser" time="0.004"/>
  <testcase classname="com.examples.JavaClass" name="createuser" time="0.000"/>
  <testcase classname="com.examples.JavaClass" name="login" time="0.000"/>
  <testcase classname="com.examples.JavaClass" name="createuser" time="0.004"/>
  <testcase classname="com.examples.JavaClass" name="createuser" time="0.012"/>
  <testcase classname="com.examples.JavaClass" name="createuser" time="0.000"/>
</testsuite> <!-- com.examples.JavaClass -->
