<?xml version="1.0" encoding="UTF-8"?>
<!-- Generated by org.testng.reporters.JUnitReportReporter -->
<testsuite hostname="PRINHYLTPDL0676" failures="0" tests="3" name="com.examples.AmazonCountryCode" time="14.760" errors="0" timestamp="20 Aug 2019 09:42:40 GMT" skipped="0">
  <testcase classname="com.examples.AmazonCountryCode" name="test2" time="0.192"/>
  <testcase classname="com.examples.AmazonCountryCode" name="test3" time="4.919"/>
  <testcase classname="com.examples.AmazonCountryCode" name="test1" time="9.649"/>
</testsuite> <!-- com.examples.AmazonCountryCode -->
