<?xml version="1.0" encoding="UTF-8"?>
<!-- Generated by org.testng.reporters.JUnitReportReporter -->
<testsuite hostname="PRINHYLTPDL0676" failures="0" tests="1" name="com.examples.RadioButton" time="11.925" errors="0" timestamp="20 Aug 2019 09:40:11 GMT" skipped="0">
  <testcase classname="com.examples.RadioButton" name="testApp" time="11.925"/>
</testsuite> <!-- com.examples.RadioButton -->
